Determining if the Q_WS_WIN exist failed with the following output:
Change Dir: /home/saurabh/workspace/oneclick/playground/CMakeFiles/CMakeTmp

Run Build Command:/usr/bin/gmake "cmTryCompileExec/fast"
/usr/bin/gmake -f CMakeFiles/cmTryCompileExec.dir/build.make CMakeFiles/cmTryCompileExec.dir/build
gmake[1]: Entering directory `/home/saurabh/workspace/oneclick/playground/CMakeFiles/CMakeTmp'
/usr/bin/cmake -E cmake_progress_report /home/saurabh/workspace/oneclick/playground/CMakeFiles/CMakeTmp/CMakeFiles 1
Building CXX object CMakeFiles/cmTryCompileExec.dir/CheckSymbolExists.cxx.o
/usr/bin/c++     -o CMakeFiles/cmTryCompileExec.dir/CheckSymbolExists.cxx.o -c /home/saurabh/workspace/oneclick/playground/CMakeFiles/CMakeTmp/CheckSymbolExists.cxx
/home/saurabh/workspace/oneclick/playground/CMakeFiles/CMakeTmp/CheckSymbolExists.cxx: In function ‘int main()’:
/home/saurabh/workspace/oneclick/playground/CMakeFiles/CMakeTmp/CheckSymbolExists.cxx:8:25: error: ‘Q_WS_WIN’ was not declared in this scope
gmake[1]: *** [CMakeFiles/cmTryCompileExec.dir/CheckSymbolExists.cxx.o] Error 1
gmake[1]: Leaving directory `/home/saurabh/workspace/oneclick/playground/CMakeFiles/CMakeTmp'
gmake: *** [cmTryCompileExec/fast] Error 2

File /home/saurabh/workspace/oneclick/playground/CMakeFiles/CMakeTmp/CheckSymbolExists.cxx:
/* */
#include <QtCore/qglobal.h>

void cmakeRequireSymbol(int dummy,...){(void)dummy;}
int main()
{
#ifndef Q_WS_WIN
  cmakeRequireSymbol(0,&Q_WS_WIN);
#endif
  return 0;
}

Determining if the Q_WS_QWS exist failed with the following output:
Change Dir: /home/saurabh/workspace/oneclick/playground/CMakeFiles/CMakeTmp

Run Build Command:/usr/bin/gmake "cmTryCompileExec/fast"
/usr/bin/gmake -f CMakeFiles/cmTryCompileExec.dir/build.make CMakeFiles/cmTryCompileExec.dir/build
gmake[1]: Entering directory `/home/saurabh/workspace/oneclick/playground/CMakeFiles/CMakeTmp'
/usr/bin/cmake -E cmake_progress_report /home/saurabh/workspace/oneclick/playground/CMakeFiles/CMakeTmp/CMakeFiles 1
Building CXX object CMakeFiles/cmTryCompileExec.dir/CheckSymbolExists.cxx.o
/usr/bin/c++     -o CMakeFiles/cmTryCompileExec.dir/CheckSymbolExists.cxx.o -c /home/saurabh/workspace/oneclick/playground/CMakeFiles/CMakeTmp/CheckSymbolExists.cxx
/home/saurabh/workspace/oneclick/playground/CMakeFiles/CMakeTmp/CheckSymbolExists.cxx: In function ‘int main()’:
/home/saurabh/workspace/oneclick/playground/CMakeFiles/CMakeTmp/CheckSymbolExists.cxx:8:25: error: ‘Q_WS_QWS’ was not declared in this scope
gmake[1]: *** [CMakeFiles/cmTryCompileExec.dir/CheckSymbolExists.cxx.o] Error 1
gmake[1]: Leaving directory `/home/saurabh/workspace/oneclick/playground/CMakeFiles/CMakeTmp'
gmake: *** [cmTryCompileExec/fast] Error 2

File /home/saurabh/workspace/oneclick/playground/CMakeFiles/CMakeTmp/CheckSymbolExists.cxx:
/* */
#include <QtCore/qglobal.h>

void cmakeRequireSymbol(int dummy,...){(void)dummy;}
int main()
{
#ifndef Q_WS_QWS
  cmakeRequireSymbol(0,&Q_WS_QWS);
#endif
  return 0;
}

Determining if the Q_WS_MAC exist failed with the following output:
Change Dir: /home/saurabh/workspace/oneclick/playground/CMakeFiles/CMakeTmp

Run Build Command:/usr/bin/gmake "cmTryCompileExec/fast"
/usr/bin/gmake -f CMakeFiles/cmTryCompileExec.dir/build.make CMakeFiles/cmTryCompileExec.dir/build
gmake[1]: Entering directory `/home/saurabh/workspace/oneclick/playground/CMakeFiles/CMakeTmp'
/usr/bin/cmake -E cmake_progress_report /home/saurabh/workspace/oneclick/playground/CMakeFiles/CMakeTmp/CMakeFiles 1
Building CXX object CMakeFiles/cmTryCompileExec.dir/CheckSymbolExists.cxx.o
/usr/bin/c++     -o CMakeFiles/cmTryCompileExec.dir/CheckSymbolExists.cxx.o -c /home/saurabh/workspace/oneclick/playground/CMakeFiles/CMakeTmp/CheckSymbolExists.cxx
/home/saurabh/workspace/oneclick/playground/CMakeFiles/CMakeTmp/CheckSymbolExists.cxx: In function ‘int main()’:
/home/saurabh/workspace/oneclick/playground/CMakeFiles/CMakeTmp/CheckSymbolExists.cxx:8:25: error: ‘Q_WS_MAC’ was not declared in this scope
gmake[1]: Leaving directory `/home/saurabh/workspace/oneclick/playground/CMakeFiles/CMakeTmp'
gmake[1]: *** [CMakeFiles/cmTryCompileExec.dir/CheckSymbolExists.cxx.o] Error 1
gmake: *** [cmTryCompileExec/fast] Error 2

File /home/saurabh/workspace/oneclick/playground/CMakeFiles/CMakeTmp/CheckSymbolExists.cxx:
/* */
#include <QtCore/qglobal.h>

void cmakeRequireSymbol(int dummy,...){(void)dummy;}
int main()
{
#ifndef Q_WS_MAC
  cmakeRequireSymbol(0,&Q_WS_MAC);
#endif
  return 0;
}

Determining if the Q_WS_WIN exist failed with the following output:
Change Dir: /home/saurabh/workspace/oneclick/playground/parseymp/CMakeFiles/CMakeTmp

Run Build Command:/usr/bin/gmake "cmTryCompileExec/fast"
/usr/bin/gmake -f CMakeFiles/cmTryCompileExec.dir/build.make CMakeFiles/cmTryCompileExec.dir/build
gmake[1]: Entering directory `/home/saurabh/workspace/oneclick/playground/parseymp/CMakeFiles/CMakeTmp'
/usr/bin/cmake -E cmake_progress_report /home/saurabh/workspace/oneclick/playground/parseymp/CMakeFiles/CMakeTmp/CMakeFiles 1
Building CXX object CMakeFiles/cmTryCompileExec.dir/CheckSymbolExists.cxx.o
/usr/bin/c++     -o CMakeFiles/cmTryCompileExec.dir/CheckSymbolExists.cxx.o -c /home/saurabh/workspace/oneclick/playground/parseymp/CMakeFiles/CMakeTmp/CheckSymbolExists.cxx
/home/saurabh/workspace/oneclick/playground/parseymp/CMakeFiles/CMakeTmp/CheckSymbolExists.cxx: In function ‘int main()’:
/home/saurabh/workspace/oneclick/playground/parseymp/CMakeFiles/CMakeTmp/CheckSymbolExists.cxx:8:25: error: ‘Q_WS_WIN’ was not declared in this scope
gmake[1]: *** [CMakeFiles/cmTryCompileExec.dir/CheckSymbolExists.cxx.o] Error 1
gmake[1]: Leaving directory `/home/saurabh/workspace/oneclick/playground/parseymp/CMakeFiles/CMakeTmp'
gmake: *** [cmTryCompileExec/fast] Error 2

File /home/saurabh/workspace/oneclick/playground/parseymp/CMakeFiles/CMakeTmp/CheckSymbolExists.cxx:
/* */
#include <QtCore/qglobal.h>

void cmakeRequireSymbol(int dummy,...){(void)dummy;}
int main()
{
#ifndef Q_WS_WIN
  cmakeRequireSymbol(0,&Q_WS_WIN);
#endif
  return 0;
}

Determining if the Q_WS_QWS exist failed with the following output:
Change Dir: /home/saurabh/workspace/oneclick/playground/parseymp/CMakeFiles/CMakeTmp

Run Build Command:/usr/bin/gmake "cmTryCompileExec/fast"
/usr/bin/gmake -f CMakeFiles/cmTryCompileExec.dir/build.make CMakeFiles/cmTryCompileExec.dir/build
gmake[1]: Entering directory `/home/saurabh/workspace/oneclick/playground/parseymp/CMakeFiles/CMakeTmp'
/usr/bin/cmake -E cmake_progress_report /home/saurabh/workspace/oneclick/playground/parseymp/CMakeFiles/CMakeTmp/CMakeFiles 1
Building CXX object CMakeFiles/cmTryCompileExec.dir/CheckSymbolExists.cxx.o
/usr/bin/c++     -o CMakeFiles/cmTryCompileExec.dir/CheckSymbolExists.cxx.o -c /home/saurabh/workspace/oneclick/playground/parseymp/CMakeFiles/CMakeTmp/CheckSymbolExists.cxx
/home/saurabh/workspace/oneclick/playground/parseymp/CMakeFiles/CMakeTmp/CheckSymbolExists.cxx: In function ‘int main()’:
/home/saurabh/workspace/oneclick/playground/parseymp/CMakeFiles/CMakeTmp/CheckSymbolExists.cxx:8:25: error: ‘Q_WS_QWS’ was not declared in this scope
gmake[1]: *** [CMakeFiles/cmTryCompileExec.dir/CheckSymbolExists.cxx.o] Error 1
gmake[1]: Leaving directory `/home/saurabh/workspace/oneclick/playground/parseymp/CMakeFiles/CMakeTmp'
gmake: *** [cmTryCompileExec/fast] Error 2

File /home/saurabh/workspace/oneclick/playground/parseymp/CMakeFiles/CMakeTmp/CheckSymbolExists.cxx:
/* */
#include <QtCore/qglobal.h>

void cmakeRequireSymbol(int dummy,...){(void)dummy;}
int main()
{
#ifndef Q_WS_QWS
  cmakeRequireSymbol(0,&Q_WS_QWS);
#endif
  return 0;
}

Determining if the Q_WS_MAC exist failed with the following output:
Change Dir: /home/saurabh/workspace/oneclick/playground/parseymp/CMakeFiles/CMakeTmp

Run Build Command:/usr/bin/gmake "cmTryCompileExec/fast"
/usr/bin/gmake -f CMakeFiles/cmTryCompileExec.dir/build.make CMakeFiles/cmTryCompileExec.dir/build
gmake[1]: Entering directory `/home/saurabh/workspace/oneclick/playground/parseymp/CMakeFiles/CMakeTmp'
/usr/bin/cmake -E cmake_progress_report /home/saurabh/workspace/oneclick/playground/parseymp/CMakeFiles/CMakeTmp/CMakeFiles 1
Building CXX object CMakeFiles/cmTryCompileExec.dir/CheckSymbolExists.cxx.o
/usr/bin/c++     -o CMakeFiles/cmTryCompileExec.dir/CheckSymbolExists.cxx.o -c /home/saurabh/workspace/oneclick/playground/parseymp/CMakeFiles/CMakeTmp/CheckSymbolExists.cxx
/home/saurabh/workspace/oneclick/playground/parseymp/CMakeFiles/CMakeTmp/CheckSymbolExists.cxx: In function ‘int main()’:
/home/saurabh/workspace/oneclick/playground/parseymp/CMakeFiles/CMakeTmp/CheckSymbolExists.cxx:8:25: error: ‘Q_WS_MAC’ was not declared in this scope
gmake[1]: *** [CMakeFiles/cmTryCompileExec.dir/CheckSymbolExists.cxx.o] Error 1
gmake[1]: Leaving directory `/home/saurabh/workspace/oneclick/playground/parseymp/CMakeFiles/CMakeTmp'
gmake: *** [cmTryCompileExec/fast] Error 2

File /home/saurabh/workspace/oneclick/playground/parseymp/CMakeFiles/CMakeTmp/CheckSymbolExists.cxx:
/* */
#include <QtCore/qglobal.h>

void cmakeRequireSymbol(int dummy,...){(void)dummy;}
int main()
{
#ifndef Q_WS_MAC
  cmakeRequireSymbol(0,&Q_WS_MAC);
#endif
  return 0;
}

